<?xml version="1.0" encoding="utf-8"?><testsuites name="pytest tests"><testsuite name="pytest" errors="0" failures="0" skipped="0" tests="15" time="1.178" timestamp="2026-05-25T09:30:29.575299+00:00" hostname="agent-env-6ae9b8a2-6cfc-4b37-8a7a-affa0bbce935"><testcase classname="backend.tests.test_locked_angle_api.TestProducts" name="test_list_returns_12" time="0.289" /><testcase classname="backend.tests.test_locked_angle_api.TestProducts" name="test_filter_by_category_tees" time="0.047" /><testcase classname="backend.tests.test_locked_angle_api.TestProducts" name="test_filter_category_all_returns_all" time="0.048" /><testcase classname="backend.tests.test_locked_angle_api.TestProducts" name="test_featured_endpoint" time="0.046" /><testcase classname="backend.tests.test_locked_angle_api.TestProducts" name="test_categories_sorted" time="0.045" /><testcase classname="backend.tests.test_locked_angle_api.TestProducts" name="test_get_product_by_slug" time="0.047" /><testcase classname="backend.tests.test_locked_angle_api.TestProducts" name="test_get_unknown_slug_returns_404" time="0.046" /><testcase classname="backend.tests.test_locked_angle_api.TestOrders" name="test_create_order_and_retrieve" time="0.122" /><testcase classname="backend.tests.test_locked_angle_api.TestOrders" name="test_empty_cart_rejected" time="0.045" /><testcase classname="backend.tests.test_locked_angle_api.TestOrders" name="test_invalid_email_rejected" time="0.045" /><testcase classname="backend.tests.test_locked_angle_api.TestOrders" name="test_missing_required_field_rejected" time="0.046" /><testcase classname="backend.tests.test_locked_angle_api.TestOrders" name="test_get_unknown_order_404" time="0.045" /><testcase classname="backend.tests.test_locked_angle_api.TestContact" name="test_create_contact" time="0.057" /><testcase classname="backend.tests.test_locked_angle_api.TestContact" name="test_invalid_email_contact" time="0.043" /><testcase classname="backend.tests.test_locked_angle_api.TestContact" name="test_missing_message_contact" time="0.044" /></testsuite></testsuites>